Start testing: Sep 12 16:27 AEST
----------------------------------------------------------
1/1 Testing: test-maths
1/1 Test: test-maths
Command: "/Users/seanbryan/Documents/Physics/phys-programming/side-projects/graphics-engine/build/src/testMaths"
Directory: /Users/seanbryan/Documents/Physics/phys-programming/side-projects/graphics-engine/build/src
"test-maths" start time: Sep 12 16:27 AEST
Output:
----------------------------------------------------------
Assertion failed: (0), function test_mat4f_union, file /Users/seanbryan/Documents/Physics/phys-programming/side-projects/graphics-engine/src/tests/testMaths.c, line 22.
<end of output>
Test time =   0.57 sec
----------------------------------------------------------
Test Failed.
"test-maths" end time: Sep 12 16:27 AEST
"test-maths" time elapsed: 00:00:00
----------------------------------------------------------

End testing: Sep 12 16:27 AEST
